\BOOKMARK [1][-]{section.1}{\376\377\000I\000n\000t\000r\000o\000d\000u\000c\000t\000i\000o\000n}{}% 1
\BOOKMARK [1][-]{section.2}{\376\377\000L\000i\000t\000e\000r\000a\000t\000u\000r\000e\000\040\000R\000e\000v\000i\000e\000w}{}% 2
\BOOKMARK [1][-]{section.3}{\376\377\000R\000e\000s\000e\000a\000r\000c\000h\000\040\000G\000a\000p}{}% 3
\BOOKMARK [2][-]{subsection.3.1}{\376\377\000L\000a\000c\000k\000\040\000o\000f\000\040\000I\000n\000t\000e\000g\000r\000a\000t\000e\000d\000\040\000M\000u\000l\000t\000i\000-\000C\000o\000m\000p\000a\000n\000y\000\040\000A\000n\000a\000l\000y\000s\000i\000s}{section.3}% 4
\BOOKMARK [2][-]{subsection.3.2}{\376\377\000A\000b\000s\000e\000n\000c\000e\000\040\000o\000f\000\040\000H\000y\000b\000r\000i\000d\000\040\000E\000c\000o\000n\000o\000m\000e\000t\000r\000i\000c\040\023\000D\000e\000e\000p\000\040\000L\000e\000a\000r\000n\000i\000n\000g\000\040\000F\000r\000a\000m\000e\000w\000o\000r\000k\000s}{section.3}% 5
\BOOKMARK [2][-]{subsection.3.3}{\376\377\000U\000n\000d\000e\000r\000r\000e\000p\000r\000e\000s\000e\000n\000t\000a\000t\000i\000o\000n\000\040\000o\000f\000\040\000T\000e\000c\000h\000n\000i\000c\000a\000l\000\040\000a\000n\000d\000\040\000V\000o\000l\000a\000t\000i\000l\000i\000t\000y\000\040\000I\000n\000d\000i\000c\000a\000t\000o\000r\000s}{section.3}% 6
\BOOKMARK [2][-]{subsection.3.4}{\376\377\000L\000i\000m\000i\000t\000e\000d\000\040\000L\000o\000n\000g\000-\000T\000e\000r\000m\000\040\000F\000o\000r\000e\000c\000a\000s\000t\000i\000n\000g\000\040\000H\000o\000r\000i\000z\000o\000n\000s}{section.3}% 7
\BOOKMARK [2][-]{subsection.3.5}{\376\377\000W\000e\000a\000k\000\040\000P\000o\000l\000i\000c\000y\000\040\000a\000n\000d\000\040\000S\000t\000r\000a\000t\000e\000g\000i\000c\000\040\000I\000n\000t\000e\000g\000r\000a\000t\000i\000o\000n}{section.3}% 8
\BOOKMARK [1][-]{section.4}{\376\377\000P\000r\000e\000l\000i\000m\000i\000n\000a\000r\000i\000e\000s}{}% 9
\BOOKMARK [2][-]{subsection.4.1}{\376\377\000C\000o\000r\000r\000e\000l\000a\000t\000i\000o\000n\000\040\000a\000n\000d\000\040\000D\000e\000p\000e\000n\000d\000e\000n\000c\000e\000\040\000M\000o\000d\000e\000l\000i\000n\000g}{section.4}% 10
\BOOKMARK [2][-]{subsection.4.2}{\376\377\000F\000o\000r\000e\000c\000a\000s\000t\000i\000n\000g\000\040\000M\000o\000d\000e\000l\000s\000\040\000a\000n\000d\000\040\000T\000h\000e\000o\000r\000e\000t\000i\000c\000a\000l\000\040\000F\000o\000u\000n\000d\000a\000t\000i\000o\000n}{section.4}% 11
\BOOKMARK [2][-]{subsection.4.3}{\376\377\000E\000v\000a\000l\000u\000a\000t\000i\000o\000n\000\040\000M\000e\000t\000r\000i\000c\000s}{section.4}% 12
\BOOKMARK [1][-]{section.5}{\376\377\000P\000r\000o\000b\000l\000e\000m\000\040\000S\000t\000a\000t\000e\000m\000e\000n\000t}{}% 13
\BOOKMARK [2][-]{subsection.5.1}{\376\377\000C\000e\000n\000t\000r\000a\000l\000\040\000R\000e\000s\000e\000a\000r\000c\000h\000\040\000P\000r\000o\000b\000l\000e\000m}{section.5}% 14
\BOOKMARK [2][-]{subsection.5.2}{\376\377\000C\000h\000a\000l\000l\000e\000n\000g\000e\000s\000\040\000I\000d\000e\000n\000t\000i\000f\000i\000e\000d}{section.5}% 15
\BOOKMARK [2][-]{subsection.5.3}{\376\377\000S\000t\000u\000d\000y\000\040\000R\000e\000s\000p\000o\000n\000s\000e}{section.5}% 16
\BOOKMARK [1][-]{section.6}{\376\377\000R\000e\000s\000e\000a\000r\000c\000h\000\040\000O\000b\000j\000e\000c\000t\000i\000v\000e\000s}{}% 17
\BOOKMARK [2][-]{subsection.6.1}{\376\377\000P\000r\000i\000m\000a\000r\000y\000\040\000O\000b\000j\000e\000c\000t\000i\000v\000e}{section.6}% 18
\BOOKMARK [2][-]{subsection.6.2}{\376\377\000S\000p\000e\000c\000i\000f\000i\000c\000\040\000O\000b\000j\000e\000c\000t\000i\000v\000e\000s}{section.6}% 19
\BOOKMARK [2][-]{subsection.6.3}{\376\377\000R\000e\000s\000e\000a\000r\000c\000h\000\040\000H\000y\000p\000o\000t\000h\000e\000s\000e\000s}{section.6}% 20
\BOOKMARK [2][-]{subsection.6.4}{\376\377\000E\000x\000p\000e\000c\000t\000e\000d\000\040\000O\000u\000t\000c\000o\000m\000e\000s}{section.6}% 21
\BOOKMARK [1][-]{section.7}{\376\377\000M\000e\000t\000h\000o\000d\000o\000l\000o\000g\000y}{}% 22
\BOOKMARK [2][-]{subsection.7.1}{\376\377\000D\000a\000t\000a\000\040\000C\000o\000l\000l\000e\000c\000t\000i\000o\000n\000\040\000a\000n\000d\000\040\000I\000n\000t\000e\000g\000r\000a\000t\000i\000o\000n}{section.7}% 23
\BOOKMARK [2][-]{subsection.7.2}{\376\377\000F\000e\000a\000t\000u\000r\000e\000\040\000E\000n\000g\000i\000n\000e\000e\000r\000i\000n\000g}{section.7}% 24
\BOOKMARK [2][-]{subsection.7.3}{\376\377\000E\000x\000p\000l\000o\000r\000a\000t\000o\000r\000y\000\040\000D\000a\000t\000a\000\040\000A\000n\000a\000l\000y\000s\000i\000s\000\040\000\050\000E\000D\000A\000\051}{section.7}% 25
\BOOKMARK [2][-]{subsection.7.4}{\376\377\000S\000t\000a\000t\000i\000s\000t\000i\000c\000a\000l\000\040\000I\000n\000f\000e\000r\000e\000n\000c\000e\000\040\000a\000n\000d\000\040\000C\000o\000r\000r\000e\000l\000a\000t\000i\000o\000n\000\040\000M\000o\000d\000e\000l\000i\000n\000g}{section.7}% 26
\BOOKMARK [2][-]{subsection.7.5}{\376\377\000P\000r\000e\000d\000i\000c\000t\000i\000v\000e\000\040\000M\000o\000d\000e\000l\000i\000n\000g\000\040\000a\000n\000d\000\040\000F\000o\000r\000e\000c\000a\000s\000t\000i\000n\000g}{section.7}% 27
\BOOKMARK [3][-]{subsubsection.7.5.1}{\376\377\000A\000R\000I\000M\000A}{subsection.7.5}% 28
\BOOKMARK [3][-]{subsubsection.7.5.2}{\376\377\000P\000r\000o\000p\000h\000e\000t}{subsection.7.5}% 29
\BOOKMARK [3][-]{subsubsection.7.5.3}{\376\377\000L\000S\000T\000M}{subsection.7.5}% 30
\BOOKMARK [2][-]{subsection.7.6}{\376\377\000F\000o\000r\000e\000c\000a\000s\000t\000\040\000I\000n\000t\000e\000r\000p\000r\000e\000t\000a\000t\000i\000o\000n\000\040\000a\000n\000d\000\040\000P\000o\000l\000i\000c\000y\000\040\000I\000m\000p\000l\000i\000c\000a\000t\000i\000o\000n\000s}{section.7}% 31
\BOOKMARK [2][-]{subsection.7.7}{\376\377\000E\000v\000a\000l\000u\000a\000t\000i\000o\000n\000\040\000S\000u\000m\000m\000a\000r\000y}{section.7}% 32
\BOOKMARK [1][-]{section.8}{\376\377\000S\000u\000m\000m\000a\000r\000y}{}% 33
\BOOKMARK [1][-]{section.9}{\376\377\000R\000e\000s\000u\000l\000t\000s}{}% 34
\BOOKMARK [2][-]{subsection.9.1}{\376\377\000C\000o\000r\000r\000e\000l\000a\000t\000i\000o\000n\000\040\000a\000n\000d\000\040\000I\000n\000t\000e\000r\000d\000e\000p\000e\000n\000d\000e\000n\000c\000e\000\040\000A\000n\000a\000l\000y\000s\000i\000s}{section.9}% 35
\BOOKMARK [2][-]{subsection.9.2}{\376\377\000V\000o\000l\000a\000t\000i\000l\000i\000t\000y\000\040\000D\000y\000n\000a\000m\000i\000c\000s\000\040\000a\000n\000d\000\040\000E\000D\000A\000\040\000I\000n\000s\000i\000g\000h\000t\000s}{section.9}% 36
\BOOKMARK [2][-]{subsection.9.3}{\376\377\000M\000o\000d\000e\000l\000\040\000C\000o\000m\000p\000a\000r\000i\000s\000o\000n\000\040\000a\000n\000d\000\040\000F\000o\000r\000e\000c\000a\000s\000t\000\040\000A\000c\000c\000u\000r\000a\000c\000y}{section.9}% 37
\BOOKMARK [2][-]{subsection.9.4}{\376\377\000F\000o\000r\000e\000c\000a\000s\000t\000\040\000I\000n\000t\000e\000r\000p\000r\000e\000t\000a\000t\000i\000o\000n\000\040\000a\000n\000d\000\040\000L\000o\000n\000g\000-\000T\000e\000r\000m\000\040\000P\000r\000o\000j\000e\000c\000t\000i\000o\000n\000s}{section.9}% 38
\BOOKMARK [2][-]{subsection.9.5}{\376\377\000P\000o\000l\000i\000c\000y\000\040\000a\000n\000d\000\040\000S\000t\000r\000a\000t\000e\000g\000i\000c\000\040\000I\000m\000p\000l\000i\000c\000a\000t\000i\000o\000n\000s}{section.9}% 39
\BOOKMARK [2][-]{subsection.9.6}{\376\377\000S\000u\000m\000m\000a\000r\000y\000\040\000o\000f\000\040\000K\000e\000y\000\040\000F\000i\000n\000d\000i\000n\000g\000s}{section.9}% 40
\BOOKMARK [1][-]{section.10}{\376\377\000C\000o\000n\000c\000l\000u\000s\000i\000o\000n}{}% 41
\BOOKMARK [2][-]{subsection.10.1}{\376\377\000L\000i\000m\000i\000t\000a\000t\000i\000o\000n\000s}{section.10}% 42
\BOOKMARK [2][-]{subsection.10.2}{\376\377\000F\000u\000t\000u\000r\000e\000\040\000W\000o\000r\000k}{section.10}% 43
\BOOKMARK [2][-]{subsection.10.3}{\376\377\000F\000i\000n\000a\000l\000\040\000R\000e\000m\000a\000r\000k\000s}{section.10}% 44
\BOOKMARK [1][-]{section*.1}{\376\377\000R\000e\000f\000e\000r\000e\000n\000c\000e\000s}{}% 45
